<?xml version="1.0" encoding="UTF-8"?>
<testng-results ignored="0" total="3" passed="3" failed="0" skipped="0">
  <reporter-output>
  </reporter-output>
  <suite started-at="2023-07-24T11:29:30 IST" name="Default suite" finished-at="2023-07-24T11:29:30 IST" duration-ms="369">
    <groups>
    </groups>
    <test started-at="2023-07-24T11:29:30 IST" name="Default test" finished-at="2023-07-24T11:29:30 IST" duration-ms="369">
      <class name="restTest.datap">
        <test-method signature="logintest(java.lang.String,java.lang.String,java.lang.String)[pri:0, instance:restTest.datap@59a008ba]" started-at="2023-07-24T11:29:30 IST" name="logintest" data-provider="test" finished-at="2023-07-24T11:29:30 IST" duration-ms="96" status="PASS">
          <params>
            <param index="0">
              <value>
                <![CDATA[getdata1]]>
              </value>
            </param>
            <param index="1">
              <value>
                <![CDATA[getdata2]]>
              </value>
            </param>
            <param index="2">
              <value>
                <![CDATA[djhsdh]]>
              </value>
            </param>
          </params>
          <reporter-output>
          </reporter-output>
        </test-method> <!-- logintest -->
        <test-method signature="logintest(java.lang.String,java.lang.String,java.lang.String)[pri:0, instance:restTest.datap@59a008ba]" started-at="2023-07-24T11:29:30 IST" name="logintest" data-provider="test" finished-at="2023-07-24T11:29:30 IST" duration-ms="7" status="PASS">
          <params>
            <param index="0">
              <value>
                <![CDATA[a]]>
              </value>
            </param>
            <param index="1">
              <value>
                <![CDATA[c]]>
              </value>
            </param>
            <param index="2">
              <value>
                <![CDATA[d]]>
              </value>
            </param>
          </params>
          <reporter-output>
          </reporter-output>
        </test-method> <!-- logintest -->
        <test-method signature="logintest(java.lang.String,java.lang.String,java.lang.String)[pri:0, instance:restTest.datap@59a008ba]" started-at="2023-07-24T11:29:30 IST" name="logintest" data-provider="test" finished-at="2023-07-24T11:29:30 IST" duration-ms="5" status="PASS">
          <params>
            <param index="0">
              <value>
                <![CDATA[ffsa]]>
              </value>
            </param>
            <param index="1">
              <value>
                <![CDATA[asbs]]>
              </value>
            </param>
            <param index="2">
              <value>
                <![CDATA[hah]]>
              </value>
            </param>
          </params>
          <reporter-output>
          </reporter-output>
        </test-method> <!-- logintest -->
      </class> <!-- restTest.datap -->
    </test> <!-- Default test -->
  </suite> <!-- Default suite -->
</testng-results>
